Particle count: 10, Grid size: 10
Simulation completed in 0.000319501 seconds.
Total sum: 1.62844e+07
Particle count: 100, Grid size: 10
Simulation completed in 0.00306812 seconds.
Total sum: -1.53842e+07
Particle count: 1000, Grid size: 10
Simulation completed in 0.0299796 seconds.
Total sum: 6.80879e+07
Particle count: 10, Grid size: 100
Simulation completed in 0.309299 seconds.
Total sum: 1.74467e+09
Particle count: 100, Grid size: 100
Simulation completed in 3.00087 seconds.
Total sum: -1.82744e+09
Particle count: 1000, Grid size: 100
Simulation completed in 29.8534 seconds.
Total sum: 6.73107e+09
Particle count: 10, Grid size: 1000
Simulation completed in 309.241 seconds.
Total sum: 1.55796e+10

### NEW TEST ITERATION ###

Particle count: 10, Grid size: 10
Simulation completed in 0.000309592 seconds.
Total sum: 1.62844e+07
Particle count: 100, Grid size: 10
Simulation completed in 0.00300019 seconds.
Total sum: -1.53842e+07
Particle count: 1000, Grid size: 10
Simulation completed in 0.0300341 seconds.
Total sum: 6.80879e+07
Particle count: 10, Grid size: 100
Simulation completed in 0.309254 seconds.
Total sum: 1.74467e+09
Particle count: 100, Grid size: 100
Simulation completed in 2.99414 seconds.
Total sum: -1.82744e+09
Particle count: 1000, Grid size: 100
Simulation completed in 29.8468 seconds.
Total sum: 6.73107e+09
Particle count: 10, Grid size: 1000
Simulation completed in 308.822 seconds.
Total sum: 1.55796e+10

### NEW TEST ITERATION ###

Particle count: 10, Grid size: 10
Simulation completed in 0.000317216 seconds.
Total sum: 1.62844e+07
Particle count: 100, Grid size: 10
Simulation completed in 0.0029838 seconds.
Total sum: -1.53842e+07
Particle count: 1000, Grid size: 10
Simulation completed in 0.0302875 seconds.
Total sum: 6.80879e+07
Particle count: 10, Grid size: 100
Simulation completed in 0.30981 seconds.
Total sum: 1.74467e+09
Particle count: 100, Grid size: 100
Simulation completed in 3.00214 seconds.
Total sum: -1.82744e+09
Particle count: 1000, Grid size: 100
Simulation completed in 29.9044 seconds.
Total sum: 6.73107e+09
Particle count: 10, Grid size: 1000
Simulation completed in 309.228 seconds.
Total sum: 1.55796e+10
