Running on NVIDIA A100 80GB PCIe
Particle count: 10, Grid size: 10, Method: usm
Simulation completed in 0.000809292 seconds.
Total sum: 1.62844e+07
Running on NVIDIA A100 80GB PCIe
Particle count: 100, Grid size: 10, Method: usm
Simulation completed in 0.00099464 seconds.
Total sum: -1.53842e+07
Running on NVIDIA A100 80GB PCIe
Particle count: 1000, Grid size: 10, Method: usm
Simulation completed in 0.00281726 seconds.
Total sum: 6.80879e+07
Running on NVIDIA A100 80GB PCIe
Particle count: 10, Grid size: 100, Method: usm
Simulation completed in 0.00653892 seconds.
Total sum: 1.74467e+09
Running on NVIDIA A100 80GB PCIe
Particle count: 100, Grid size: 100, Method: usm
Simulation completed in 0.00828032 seconds.
Total sum: -1.82743e+09
Running on NVIDIA A100 80GB PCIe
Particle count: 1000, Grid size: 100, Method: usm
Simulation completed in 0.0293149 seconds.
Total sum: 6.73107e+09
Running on NVIDIA A100 80GB PCIe
Particle count: 1000, Grid size: 200, Method: usm
Simulation completed in 0.070364 seconds.
Total sum: 2.67539e+10
Running on NVIDIA A100 80GB PCIe
Particle count: 1000, Grid size: 500, Method: usm
Simulation completed in 0.615347 seconds.
Total sum: 1.14989e+11
Running on NVIDIA A100 80GB PCIe
Particle count: 1000, Grid size: 800, Method: usm
Simulation completed in 2.15339 seconds.
Total sum: 1.10699e+11
Running on NVIDIA A100 80GB PCIe
Particle count: 10, Grid size: 10, Method: usm
Simulation completed in 0.000784986 seconds.
Total sum: 1.62844e+07
Running on NVIDIA A100 80GB PCIe
Particle count: 100, Grid size: 10, Method: usm
Simulation completed in 0.000954395 seconds.
Total sum: -1.53842e+07
Running on NVIDIA A100 80GB PCIe
Particle count: 1000, Grid size: 10, Method: usm
Simulation completed in 0.00279094 seconds.
Total sum: 6.80879e+07
Running on NVIDIA A100 80GB PCIe
Particle count: 10, Grid size: 100, Method: usm
Simulation completed in 0.00645824 seconds.
Total sum: 1.74467e+09
Running on NVIDIA A100 80GB PCIe
Particle count: 100, Grid size: 100, Method: usm
Simulation completed in 0.00815245 seconds.
Total sum: -1.82743e+09
Running on NVIDIA A100 80GB PCIe
Particle count: 1000, Grid size: 100, Method: usm
Simulation completed in 0.0291985 seconds.
Total sum: 6.73107e+09
Running on NVIDIA A100 80GB PCIe
Particle count: 1000, Grid size: 200, Method: usm
Simulation completed in 0.0702058 seconds.
Total sum: 2.67539e+10
Running on NVIDIA A100 80GB PCIe
Particle count: 1000, Grid size: 500, Method: usm
Simulation completed in 0.612342 seconds.
Total sum: 1.14989e+11
Running on NVIDIA A100 80GB PCIe
Particle count: 1000, Grid size: 800, Method: usm
Simulation completed in 2.21114 seconds.
Total sum: 1.10699e+11
Running on NVIDIA A100 80GB PCIe
Particle count: 10, Grid size: 10, Method: usm
Simulation completed in 0.000811887 seconds.
Total sum: 1.62844e+07
Running on NVIDIA A100 80GB PCIe
Particle count: 100, Grid size: 10, Method: usm
Simulation completed in 0.000971207 seconds.
Total sum: -1.53842e+07
Running on NVIDIA A100 80GB PCIe
Particle count: 1000, Grid size: 10, Method: usm
Simulation completed in 0.00279212 seconds.
Total sum: 6.80879e+07
Running on NVIDIA A100 80GB PCIe
Particle count: 10, Grid size: 100, Method: usm
Simulation completed in 0.00643251 seconds.
Total sum: 1.74467e+09
Running on NVIDIA A100 80GB PCIe
Particle count: 100, Grid size: 100, Method: usm
Simulation completed in 0.00811737 seconds.
Total sum: -1.82743e+09
Running on NVIDIA A100 80GB PCIe
Particle count: 1000, Grid size: 100, Method: usm
Simulation completed in 0.0291906 seconds.
Total sum: 6.73107e+09
Running on NVIDIA A100 80GB PCIe
Particle count: 1000, Grid size: 200, Method: usm
Simulation completed in 0.0699549 seconds.
Total sum: 2.67539e+10
Running on NVIDIA A100 80GB PCIe
Particle count: 1000, Grid size: 500, Method: usm
Simulation completed in 0.611485 seconds.
Total sum: 1.14989e+11
Running on NVIDIA A100 80GB PCIe
Particle count: 1000, Grid size: 800, Method: usm
Simulation completed in 2.16749 seconds.
Total sum: 1.10699e+11

### NEW TEST ITERATION ###

Running on NVIDIA A100 80GB PCIe
Particle count: 10, Grid size: 10, Method: buffer
Simulation completed in 0.00103651 seconds.
Total sum: 1.62844e+07
Running on NVIDIA A100 80GB PCIe
Particle count: 100, Grid size: 10, Method: buffer
Simulation completed in 0.00112602 seconds.
Total sum: -1.53842e+07
Running on NVIDIA A100 80GB PCIe
Particle count: 1000, Grid size: 10, Method: buffer
Simulation completed in 0.00291026 seconds.
Total sum: 6.80879e+07
Running on NVIDIA A100 80GB PCIe
Particle count: 10, Grid size: 100, Method: buffer
Simulation completed in 0.00587705 seconds.
Total sum: 1.74467e+09
Running on NVIDIA A100 80GB PCIe
Particle count: 100, Grid size: 100, Method: buffer
Simulation completed in 0.00784031 seconds.
Total sum: -1.82743e+09
Running on NVIDIA A100 80GB PCIe
Particle count: 1000, Grid size: 100, Method: buffer
Simulation completed in 0.0279261 seconds.
Total sum: 6.73107e+09
Running on NVIDIA A100 80GB PCIe
Particle count: 1000, Grid size: 200, Method: buffer
Simulation completed in 0.068675 seconds.
Total sum: 2.67539e+10
Running on NVIDIA A100 80GB PCIe
Particle count: 1000, Grid size: 500, Method: buffer
Simulation completed in 0.646981 seconds.
Total sum: 1.14989e+11
Running on NVIDIA A100 80GB PCIe
Particle count: 1000, Grid size: 800, Method: buffer
Simulation completed in 2.83001 seconds.
Total sum: 1.10699e+11
Running on NVIDIA A100 80GB PCIe
Particle count: 10, Grid size: 10, Method: buffer
Simulation completed in 0.000967319 seconds.
Total sum: 1.62844e+07
Running on NVIDIA A100 80GB PCIe
Particle count: 100, Grid size: 10, Method: buffer
Simulation completed in 0.00108879 seconds.
Total sum: -1.53842e+07
Running on NVIDIA A100 80GB PCIe
Particle count: 1000, Grid size: 10, Method: buffer
Simulation completed in 0.00290602 seconds.
Total sum: 6.80879e+07
Running on NVIDIA A100 80GB PCIe
Particle count: 10, Grid size: 100, Method: buffer
Simulation completed in 0.00576948 seconds.
Total sum: 1.74467e+09
Running on NVIDIA A100 80GB PCIe
Particle count: 100, Grid size: 100, Method: buffer
Simulation completed in 0.00795495 seconds.
Total sum: -1.82743e+09
Running on NVIDIA A100 80GB PCIe
Particle count: 1000, Grid size: 100, Method: buffer
Simulation completed in 0.0280146 seconds.
Total sum: 6.73107e+09
Running on NVIDIA A100 80GB PCIe
Particle count: 1000, Grid size: 200, Method: buffer
Simulation completed in 0.0680743 seconds.
Total sum: 2.67539e+10
Running on NVIDIA A100 80GB PCIe
Particle count: 1000, Grid size: 500, Method: buffer
Simulation completed in 0.653452 seconds.
Total sum: 1.14989e+11
Running on NVIDIA A100 80GB PCIe
Particle count: 1000, Grid size: 800, Method: buffer
Simulation completed in 2.89444 seconds.
Total sum: 1.10699e+11
Running on NVIDIA A100 80GB PCIe
Particle count: 10, Grid size: 10, Method: buffer
Simulation completed in 0.000997656 seconds.
Total sum: 1.62844e+07
Running on NVIDIA A100 80GB PCIe
Particle count: 100, Grid size: 10, Method: buffer
Simulation completed in 0.0011448 seconds.
Total sum: -1.53842e+07
Running on NVIDIA A100 80GB PCIe
Particle count: 1000, Grid size: 10, Method: buffer
Simulation completed in 0.00291758 seconds.
Total sum: 6.80879e+07
Running on NVIDIA A100 80GB PCIe
Particle count: 10, Grid size: 100, Method: buffer
Simulation completed in 0.00591621 seconds.
Total sum: 1.74467e+09
Running on NVIDIA A100 80GB PCIe
Particle count: 100, Grid size: 100, Method: buffer
Simulation completed in 0.00783498 seconds.
Total sum: -1.82743e+09
Running on NVIDIA A100 80GB PCIe
Particle count: 1000, Grid size: 100, Method: buffer
Simulation completed in 0.0279588 seconds.
Total sum: 6.73107e+09
Running on NVIDIA A100 80GB PCIe
Particle count: 1000, Grid size: 200, Method: buffer
Simulation completed in 0.0686758 seconds.
Total sum: 2.67539e+10
Running on NVIDIA A100 80GB PCIe
Particle count: 1000, Grid size: 500, Method: buffer
Simulation completed in 0.647085 seconds.
Total sum: 1.14989e+11
Running on NVIDIA A100 80GB PCIe
Particle count: 1000, Grid size: 800, Method: buffer
Simulation completed in 2.8703 seconds.
Total sum: 1.10699e+11
